 

*** 0th generation ***
 

*** 0th generation ***
 

*** 0th generation ***
 

*** 0th generation ***
 

*** 0th generation ***
 

*** 0th generation ***
 

*** 0th generation ***
 

*** 0th generation ***
 

*** 0th generation ***
 

*** 0th generation ***
 

*** 0th generation ***
 

*** 0th generation ***
 

*** 0th generation ***
 

*** 0th generation ***
 

*** 0th generation ***
 

*** 0th generation ***
 

*** 0th generation ***
 

*** 0th generation ***
 

*** 0th generation ***
[<MutlChromosome.MutlChromosome object at 0x7f9133e18220>, <MutlChromosome.MutlChromosome object at 0x7f9138e17be0>, <MutlChromosome.MutlChromosome object at 0x7f9133e19ee0>, <MutlChromosome.MutlChromosome object at 0x7f9133f3c7c0>, <MutlChromosome.MutlChromosome object at 0x7f9133c89ee0>, <MutlChromosome.MutlChromosome object at 0x7f9133c7e1f0>]
 

*** 1th generation ***
 

*** 0th generation ***
 

*** 0th generation ***
 

*** 0th generation ***
 

*** 0th generation ***
[<MutlChromosome.MutlChromosome object at 0x7f99549b7340>, <MutlChromosome.MutlChromosome object at 0x7f99549b7250>, <MutlChromosome.MutlChromosome object at 0x7f9954859250>, <MutlChromosome.MutlChromosome object at 0x7f99548590a0>, <MutlChromosome.MutlChromosome object at 0x7f99548f8070>, <MutlChromosome.MutlChromosome object at 0x7f99547d1c40>, <MutlChromosome.MutlChromosome object at 0x7f9954668f10>]
 

*** 1th generation ***
 

*** 0th generation ***
 

*** 0th generation ***
 

*** 0th generation ***
 

*** 0th generation ***
 

*** 0th generation ***
 

*** 0th generation ***
 

*** 0th generation ***
 

*** 0th generation ***
 

*** 0th generation ***
 

*** 0th generation ***
 

*** 0th generation ***
 

*** 0th generation ***
 

*** 0th generation ***
 

*** 0th generation ***
 

*** 0th generation ***
 

*** 0th generation ***
[<MutlChromosome.MutlChromosome object at 0x7f1487390670>, <MutlChromosome.MutlChromosome object at 0x7f1487390460>, <MutlChromosome.MutlChromosome object at 0x7f14873908b0>, <MutlChromosome.MutlChromosome object at 0x7f148715b640>, <MutlChromosome.MutlChromosome object at 0x7f148704e160>, <MutlChromosome.MutlChromosome object at 0x7f148704e070>, <MutlChromosome.MutlChromosome object at 0x7f1487068070>, <MutlChromosome.MutlChromosome object at 0x7f1486f81e20>, <MutlChromosome.MutlChromosome object at 0x7f1486f671c0>, <MutlChromosome.MutlChromosome object at 0x7f1486fce0a0>, <MutlChromosome.MutlChromosome object at 0x7f1486dd8130>]
 

*** 1th generation ***
 

*** 0th generation ***
 

*** 0th generation ***
 

*** 0th generation ***
 

*** 0th generation ***
 

*** 0th generation ***
 

*** 0th generation ***
 

*** 0th generation ***
 

*** 0th generation ***
 

*** 0th generation ***
 

*** 0th generation ***
 

*** 0th generation ***
 

*** 0th generation ***
 

*** 0th generation ***
 

*** 0th generation ***
 

*** 0th generation ***
 

*** 0th generation ***
 

*** 0th generation ***
 

*** 0th generation ***
 

*** 0th generation ***
 

*** 0th generation ***
 

*** 0th generation ***
 

*** 0th generation ***
 

*** 0th generation ***
 

*** 0th generation ***
 

*** 0th generation ***
 

*** 0th generation ***
 

*** 0th generation ***
 

*** 0th generation ***
 

*** 0th generation ***
 

*** 0th generation ***
 

*** 0th generation ***
 

*** 0th generation ***
 

*** 0th generation ***
 

*** 0th generation ***
 

*** 0th generation ***
 

*** 0th generation ***
 

*** 0th generation ***
 

*** 0th generation ***
 

*** 0th generation ***
 

*** 0th generation ***
 

*** 0th generation ***
[<MutlChromosome.MutlChromosome object at 0x7f52d4ec5310>, <MutlChromosome.MutlChromosome object at 0x7f52d4ec5430>, <MutlChromosome.MutlChromosome object at 0x7f52d4d47190>, <MutlChromosome.MutlChromosome object at 0x7f52d4ca80d0>]
 

*** 1th generation ***
 

*** 0th generation ***
 

*** 0th generation ***
 

*** 0th generation ***
 

*** 0th generation ***
 

*** 0th generation ***
 

*** 0th generation ***
 

*** 0th generation ***
 

*** 0th generation ***
 

*** 0th generation ***
 

*** 0th generation ***
 

*** 0th generation ***
[<MutlChromosome.MutlChromosome object at 0x7f1899881310>, <MutlChromosome.MutlChromosome object at 0x7f1899881430>, <MutlChromosome.MutlChromosome object at 0x7f18999f9190>, <MutlChromosome.MutlChromosome object at 0x7f18999210d0>]
 

*** 1th generation ***
 

*** 0th generation ***
 

*** 0th generation ***
 

*** 0th generation ***
 

*** 0th generation ***
[<MutlChromosome.MutlChromosome object at 0x7f2722dc0a90>, <MutlChromosome.MutlChromosome object at 0x7f2722dc07c0>, <MutlChromosome.MutlChromosome object at 0x7f2722dc02b0>, <MutlChromosome.MutlChromosome object at 0x7f2722dc0b20>, <MutlChromosome.MutlChromosome object at 0x7f2722b38100>]
 

*** 1th generation ***
[<MutlChromosome.MutlChromosome object at 0x7f2722e4a1c0>, <MutlChromosome.MutlChromosome object at 0x7f2722e4a1f0>, <MutlChromosome.MutlChromosome object at 0x7f2722e15e50>, <MutlChromosome.MutlChromosome object at 0x7f2722ae34f0>, <MutlChromosome.MutlChromosome object at 0x7f2722afb070>, <MutlChromosome.MutlChromosome object at 0x7f2722a43190>]
 

*** 2th generation ***
[<MutlChromosome.MutlChromosome object at 0x7f2722e377f0>, <MutlChromosome.MutlChromosome object at 0x7f2722e37ca0>, <MutlChromosome.MutlChromosome object at 0x7f2722d268b0>, <MutlChromosome.MutlChromosome object at 0x7f2722c461f0>, <MutlChromosome.MutlChromosome object at 0x7f2722a83c10>, <MutlChromosome.MutlChromosome object at 0x7f2722c610d0>, <MutlChromosome.MutlChromosome object at 0x7f2722abd6d0>]
 

*** 3th generation ***
 

*** 0th generation ***
 

*** 0th generation ***
 

*** 0th generation ***
 

*** 0th generation ***
 

*** 0th generation ***
 

*** 0th generation ***
 

*** 0th generation ***
 

*** 0th generation ***
[<MutlChromosome.MutlChromosome object at 0x7ff908306310>, <MutlChromosome.MutlChromosome object at 0x7ff908306280>, <MutlChromosome.MutlChromosome object at 0x7ff9081cb100>, <MutlChromosome.MutlChromosome object at 0x7ff9081cb070>, <MutlChromosome.MutlChromosome object at 0x7ff9083064c0>, <MutlChromosome.MutlChromosome object at 0x7ff9082761c0>]
 

*** 1th generation ***
 

*** 0th generation ***
 

*** 0th generation ***
 

*** 0th generation ***
 

*** 0th generation ***
 

*** 0th generation ***
 

*** 0th generation ***
 

*** 0th generation ***
 

*** 0th generation ***
 

*** 0th generation ***
 

*** 0th generation ***
 

*** 0th generation ***
 

*** 0th generation ***
 

*** 0th generation ***
 

*** 0th generation ***
 

*** 0th generation ***
 

*** 0th generation ***
 

*** 0th generation ***
 

*** 0th generation ***
 

*** 0th generation ***
 

*** 0th generation ***
 

*** 0th generation ***
 

*** 0th generation ***
 

*** 0th generation ***
 

*** 0th generation ***
 

*** 0th generation ***
 

*** 0th generation ***
 

*** 0th generation ***
 

*** 0th generation ***
 

*** 0th generation ***
 

*** 0th generation ***
 

*** 0th generation ***
 

*** 0th generation ***
 

*** 0th generation ***
 

*** 0th generation ***
 

*** 0th generation ***
 

*** 0th generation ***
 

*** 0th generation ***
 

*** 0th generation ***
 

*** 0th generation ***
 

*** 0th generation ***
 

*** 0th generation ***
 

*** 0th generation ***
 

*** 0th generation ***
 

*** 0th generation ***
 

*** 0th generation ***
 

*** 0th generation ***
 

*** 0th generation ***
 

*** 0th generation ***
 

*** 0th generation ***
 

*** 0th generation ***
 

*** 0th generation ***
 

*** 0th generation ***
 

*** 0th generation ***
 

*** 0th generation ***
 

*** 0th generation ***
 

*** 0th generation ***
 

*** 0th generation ***
 

*** 0th generation ***
 

*** 0th generation ***
 

*** 0th generation ***
 

*** 0th generation ***
 

*** 0th generation ***
 

*** 0th generation ***
 

*** 0th generation ***
 

*** 0th generation ***
 

*** 0th generation ***
 

*** 0th generation ***
 

*** 0th generation ***
 

*** 0th generation ***
 

*** 0th generation ***
 

*** 0th generation ***
 

*** 0th generation ***
 

*** 0th generation ***
 

*** 0th generation ***
 

*** 0th generation ***
 

*** 0th generation ***
[<MutlChromosome.MutlChromosome object at 0x7fb9012f1a90>, <MutlChromosome.MutlChromosome object at 0x7fb9012f17c0>, <MutlChromosome.MutlChromosome object at 0x7fb9012f1850>, <MutlChromosome.MutlChromosome object at 0x7fb9012f1610>, <MutlChromosome.MutlChromosome object at 0x7fb900fae100>]
 

*** 1th generation ***
 

*** 0th generation ***
[<MutlChromosome.MutlChromosome object at 0x7fa6441f8c40>, <MutlChromosome.MutlChromosome object at 0x7fa6441f87c0>, <MutlChromosome.MutlChromosome object at 0x7fa6441f8970>, <MutlChromosome.MutlChromosome object at 0x7fa6441f8610>, <MutlChromosome.MutlChromosome object at 0x7fa63ff43ee0>, <MutlChromosome.MutlChromosome object at 0x7fa63fec3070>, <MutlChromosome.MutlChromosome object at 0x7fa63fe69190>, <MutlChromosome.MutlChromosome object at 0x7fa63fd900a0>]
 

*** 1th generation ***
 

*** 0th generation ***
 

*** 0th generation ***
 

*** 0th generation ***
 

*** 0th generation ***
 

*** 0th generation ***
 

*** 0th generation ***
 

*** 0th generation ***
[<MutlChromosome.MutlChromosome object at 0x7f810b4ea220>, <MutlChromosome.MutlChromosome object at 0x7f810b4ea190>, <MutlChromosome.MutlChromosome object at 0x7f810b4e7c10>, <MutlChromosome.MutlChromosome object at 0x7f810b4a0130>]
 

*** 1th generation ***
[<MutlChromosome.MutlChromosome object at 0x7f810b507fd0>, <MutlChromosome.MutlChromosome object at 0x7f810b5079a0>, <MutlChromosome.MutlChromosome object at 0x7f810b5078e0>, <MutlChromosome.MutlChromosome object at 0x7f810b3d3b20>, <MutlChromosome.MutlChromosome object at 0x7f810b374130>, <MutlChromosome.MutlChromosome object at 0x7f810b3b1250>]
 

*** 2th generation ***
[<MutlChromosome.MutlChromosome object at 0x7f810b492a00>, <MutlChromosome.MutlChromosome object at 0x7f810b492e80>, <MutlChromosome.MutlChromosome object at 0x7f810b4b9fa0>, <MutlChromosome.MutlChromosome object at 0x7f810b444580>, <MutlChromosome.MutlChromosome object at 0x7f810b4e2400>, <MutlChromosome.MutlChromosome object at 0x7f810b46d220>, <MutlChromosome.MutlChromosome object at 0x7f810b23d130>]
 

*** 3th generation ***
[<MutlChromosome.MutlChromosome object at 0x7f810b46c490>, <MutlChromosome.MutlChromosome object at 0x7f810b46c9d0>, <MutlChromosome.MutlChromosome object at 0x7f810b45ec40>, <MutlChromosome.MutlChromosome object at 0x7f810b4ed100>, <MutlChromosome.MutlChromosome object at 0x7f810b1f51f0>, <MutlChromosome.MutlChromosome object at 0x7f810b1e0f10>, <MutlChromosome.MutlChromosome object at 0x7f810b2cc0d0>, <MutlChromosome.MutlChromosome object at 0x7f810b348c70>, <MutlChromosome.MutlChromosome object at 0x7f810b492df0>]
 

*** 4th generation ***
